<?xml version="1.0" encoding="UTF-8"?>
<!-- Generated by org.testng.reporters.JUnitReportReporter -->
<testsuite skipped="0" hostname="DESKTOP-9434J20" name="com.eva.vtigerAutomation.TestCaseLayer.Runner" tests="1" failures="0" timestamp="2023-06-02T01:40:39 IST" time="25.551" errors="0">
  <testcase name="leasdCreation" time="25.551" classname="com.eva.vtigerAutomation.TestCaseLayer.Runner"/>
  <system-out/>
</testsuite> <!-- com.eva.vtigerAutomation.TestCaseLayer.Runner -->
